Fecha en Transformer2015-05-19T05:00:00.000+0000
Despues del transformer ...Tue May 19 00:00:00 CDT 2015
Fecha en Transformer2015-05-01T05:00:00.000+0000
Despues del transformer ...Fri May 01 00:00:00 CDT 2015
Fecha en Transformer2016-09-01T05:00:00.000+0000
Despues del transformer ...Thu Sep 01 00:00:00 CDT 2016
Fecha en Transformer2017-05-01T05:00:00.000+0000
Despues del transformer ...Mon May 01 00:00:00 CDT 2017
Fecha en Transformer2016-03-30T06:00:00.000+0000
Despues del transformer ...Wed Mar 30 00:00:00 CST 2016
Fecha en Transformer2016-03-11T06:00:00.000+0000
Despues del transformer ...Fri Mar 11 00:00:00 CST 2016
Fecha en Transformer2017-05-01T05:00:00.000+0000
Despues del transformer ...Mon May 01 00:00:00 CDT 2017
Fecha en Transformer2017-06-01T05:00:00.000+0000
Despues del transformer ...Thu Jun 01 00:00:00 CDT 2017
Fecha en Transformer2017-06-01T05:00:00.000+0000
Despues del transformer ...Thu Jun 01 00:00:00 CDT 2017
Fecha en Transformer2015-05-19T05:00:00.000+0000
Despues del transformer ...Tue May 19 00:00:00 CDT 2015
Fecha en Transformer2015-05-01T05:00:00.000+0000
Despues del transformer ...Fri May 01 00:00:00 CDT 2015
Fecha en Transformer2016-09-01T05:00:00.000+0000
Despues del transformer ...Thu Sep 01 00:00:00 CDT 2016
Fecha en Transformer2017-05-01T05:00:00.000+0000
Despues del transformer ...Mon May 01 00:00:00 CDT 2017
Fecha en Transformer2016-03-30T06:00:00.000+0000
Despues del transformer ...Wed Mar 30 00:00:00 CST 2016
Fecha en Transformer2016-03-11T06:00:00.000+0000
Despues del transformer ...Fri Mar 11 00:00:00 CST 2016
Fecha en Transformer2017-05-01T05:00:00.000+0000
Despues del transformer ...Mon May 01 00:00:00 CDT 2017
Fecha en Transformer2017-06-01T05:00:00.000+0000
Despues del transformer ...Thu Jun 01 00:00:00 CDT 2017
Fecha en Transformer2017-06-01T05:00:00.000+0000
Despues del transformer ...Thu Jun 01 00:00:00 CDT 2017
