Fecha en Transformer2015-05-19T05:00:00.000+0000
Despues del transformer ...Tue May 19 00:00:00 CDT 2015
Fecha en Transformer2015-05-01T05:00:00.000+0000
Despues del transformer ...Fri May 01 00:00:00 CDT 2015
Fecha en Transformer2016-09-01T05:00:00.000+0000
Despues del transformer ...Thu Sep 01 00:00:00 CDT 2016
Fecha en Transformer2017-05-01T05:00:00.000+0000
Despues del transformer ...Mon May 01 00:00:00 CDT 2017
Fecha en Transformer2016-03-30T06:00:00.000+0000
Despues del transformer ...Wed Mar 30 00:00:00 CST 2016
Fecha en Transformer2016-03-11T06:00:00.000+0000
Despues del transformer ...Fri Mar 11 00:00:00 CST 2016
Fecha en Transformer2017-05-01T05:00:00.000+0000
Despues del transformer ...Mon May 01 00:00:00 CDT 2017
Fecha en Transformer2017-06-01T05:00:00.000+0000
Despues del transformer ...Thu Jun 01 00:00:00 CDT 2017
Fecha en Transformer2017-06-01T05:00:00.000+0000
Despues del transformer ...Thu Jun 01 00:00:00 CDT 2017
Fecha en Transformer2017-05-01T05:00:00.000+0000
Despues del transformer ...Mon May 01 00:00:00 CDT 2017
Fecha en Transformer2016-09-01T05:00:00.000+0000
Despues del transformer ...Thu Sep 01 00:00:00 CDT 2016
Fecha en Transformer2017-05-01T05:00:00.000+0000
Despues del transformer ...Mon May 01 00:00:00 CDT 2017
Fecha en Transformer2017-06-01T05:00:00.000+0000
Despues del transformer ...Thu Jun 01 00:00:00 CDT 2017
Fecha en Transformer2016-03-30T06:00:00.000+0000
Despues del transformer ...Wed Mar 30 00:00:00 CST 2016
Fecha en Transformer2015-05-19T05:00:00.000+0000
Despues del transformer ...Tue May 19 00:00:00 CDT 2015
Fecha en Transformer2016-03-11T06:00:00.000+0000
Despues del transformer ...Fri Mar 11 00:00:00 CST 2016
Fecha en Transformer2017-06-01T05:00:00.000+0000
Despues del transformer ...Thu Jun 01 00:00:00 CDT 2017
Fecha en Transformer2015-05-01T05:00:00.000+0000
Despues del transformer ...Fri May 01 00:00:00 CDT 2015
Fecha en Transformer2017-05-01T05:00:00.000+0000
Despues del transformer ...Mon May 01 00:00:00 CDT 2017
Fecha en Transformer2016-09-01T05:00:00.000+0000
Despues del transformer ...Thu Sep 01 00:00:00 CDT 2016
Fecha en Transformer2017-05-01T05:00:00.000+0000
Despues del transformer ...Mon May 01 00:00:00 CDT 2017
Fecha en Transformer2017-06-01T05:00:00.000+0000
Despues del transformer ...Thu Jun 01 00:00:00 CDT 2017
Fecha en Transformer2016-03-30T06:00:00.000+0000
Despues del transformer ...Wed Mar 30 00:00:00 CST 2016
Fecha en Transformer2015-05-19T05:00:00.000+0000
Despues del transformer ...Tue May 19 00:00:00 CDT 2015
Fecha en Transformer2016-03-11T06:00:00.000+0000
Despues del transformer ...Fri Mar 11 00:00:00 CST 2016
Fecha en Transformer2017-06-01T05:00:00.000+0000
Despues del transformer ...Thu Jun 01 00:00:00 CDT 2017
Fecha en Transformer2015-05-01T05:00:00.000+0000
Despues del transformer ...Fri May 01 00:00:00 CDT 2015
Sumando ...0
Sumando ...6
resultado ...6
Sumando ...6
Sumando ...80
resultado ...86
Sumando ...86
Sumando ...112
resultado ...198
Sumando ...198
Sumando ...4
resultado ...202
Sumando ...202
Sumando ...237
resultado ...439
Sumando ...439
Sumando ...51
resultado ...490
Sumando ...490
Sumando ...3
resultado ...493
Sumando ...493
Sumando ...42
resultado ...535
Sumando ...535
Sumando ...112
resultado ...647
Sumando ...647
Sumando ...2
resultado ...649
Sumando ...649
Sumando ...2
resultado ...651
Sumando ...651
Sumando ...4
resultado ...655
Sumando ...655
Sumando ...79
resultado ...734
Sumando ...734
Sumando ...1
resultado ...735
Sumando ...735
Sumando ...241
resultado ...976
Sumando ...976
Sumando ...79
resultado ...1055
Fecha en Transformer2015-05-19T05:00:00.000+0000
Despues del transformer ...Tue May 19 00:00:00 CDT 2015
Fecha en Transformer2015-05-01T05:00:00.000+0000
Despues del transformer ...Fri May 01 00:00:00 CDT 2015
Fecha en Transformer2016-09-01T05:00:00.000+0000
Despues del transformer ...Thu Sep 01 00:00:00 CDT 2016
Fecha en Transformer2017-05-01T05:00:00.000+0000
Despues del transformer ...Mon May 01 00:00:00 CDT 2017
Fecha en Transformer2016-03-30T06:00:00.000+0000
Despues del transformer ...Wed Mar 30 00:00:00 CST 2016
Fecha en Transformer2016-03-11T06:00:00.000+0000
Despues del transformer ...Fri Mar 11 00:00:00 CST 2016
Fecha en Transformer2017-05-01T05:00:00.000+0000
Despues del transformer ...Mon May 01 00:00:00 CDT 2017
Fecha en Transformer2017-06-01T05:00:00.000+0000
Despues del transformer ...Thu Jun 01 00:00:00 CDT 2017
Fecha en Transformer2017-06-01T05:00:00.000+0000
Despues del transformer ...Thu Jun 01 00:00:00 CDT 2017
2019-08-14 19:10:34,058 Log4j2-AsyncLoggerConfig-5 ERROR Unable to write to stream /opt/mule/mule-standalone-3.8.1/logs/mule.log for appender file
2019-08-14 19:10:34,058 Log4j2-AsyncLoggerConfig-5 ERROR An exception occurred processing Appender file org.apache.logging.log4j.core.appender.AppenderLoggingException: Error flushing stream /opt/mule/mule-standalone-3.8.1/logs/mule.log
	at org.apache.logging.log4j.core.appender.OutputStreamManager.flush(OutputStreamManager.java:159)
	at org.apache.logging.log4j.core.appender.AbstractOutputStreamAppender.append(AbstractOutputStreamAppender.java:116)
	at org.apache.logging.log4j.core.appender.RollingFileAppender.append(RollingFileAppender.java:88)
	at org.apache.logging.log4j.core.config.AppenderControl.tryCallAppender(AppenderControl.java:152)
	at org.apache.logging.log4j.core.config.AppenderControl.callAppender0(AppenderControl.java:125)
	at org.apache.logging.log4j.core.config.AppenderControl.callAppenderPreventRecursion(AppenderControl.java:116)
	at org.apache.logging.log4j.core.config.AppenderControl.callAppender(AppenderControl.java:84)
	at org.apache.logging.log4j.core.config.LoggerConfig.callAppenders(LoggerConfig.java:390)
	at org.apache.logging.log4j.core.async.AsyncLoggerConfig.asyncCallAppenders(AsyncLoggerConfig.java:103)
	at org.apache.logging.log4j.core.async.AsyncLoggerConfigDisruptor$Log4jEventWrapperHandler.onEvent(AsyncLoggerConfigDisruptor.java:90)
	at org.apache.logging.log4j.core.async.AsyncLoggerConfigDisruptor$Log4jEventWrapperHandler.onEvent(AsyncLoggerConfigDisruptor.java:76)
	at com.lmax.disruptor.BatchEventProcessor.run(BatchEventProcessor.java:128)
	at java.util.concurrent.ThreadPoolExecutor.runWorker(ThreadPoolExecutor.java:1149)
	at java.util.concurrent.ThreadPoolExecutor$Worker.run(ThreadPoolExecutor.java:624)
	at java.lang.Thread.run(Thread.java:748)
Caused by: java.io.IOException: No space left on device
	at java.io.FileOutputStream.writeBytes(Native Method)
	at java.io.FileOutputStream.write(FileOutputStream.java:326)
	at java.io.BufferedOutputStream.flushBuffer(BufferedOutputStream.java:82)
	at java.io.BufferedOutputStream.flush(BufferedOutputStream.java:140)
	at org.apache.logging.log4j.core.appender.OutputStreamManager.flush(OutputStreamManager.java:156)
	... 14 more

2019-08-14 19:10:44,534 Log4j2-AsyncLoggerConfig-5 ERROR Unable to write to stream /opt/mule/mule-standalone-3.8.1/logs/mule.log for appender file
2019-08-14 19:10:44,534 Log4j2-AsyncLoggerConfig-5 ERROR An exception occurred processing Appender file org.apache.logging.log4j.core.appender.AppenderLoggingException: Error flushing stream /opt/mule/mule-standalone-3.8.1/logs/mule.log
	at org.apache.logging.log4j.core.appender.OutputStreamManager.flush(OutputStreamManager.java:159)
	at org.apache.logging.log4j.core.appender.AbstractOutputStreamAppender.append(AbstractOutputStreamAppender.java:116)
	at org.apache.logging.log4j.core.appender.RollingFileAppender.append(RollingFileAppender.java:88)
	at org.apache.logging.log4j.core.config.AppenderControl.tryCallAppender(AppenderControl.java:152)
	at org.apache.logging.log4j.core.config.AppenderControl.callAppender0(AppenderControl.java:125)
	at org.apache.logging.log4j.core.config.AppenderControl.callAppenderPreventRecursion(AppenderControl.java:116)
	at org.apache.logging.log4j.core.config.AppenderControl.callAppender(AppenderControl.java:84)
	at org.apache.logging.log4j.core.config.LoggerConfig.callAppenders(LoggerConfig.java:390)
	at org.apache.logging.log4j.core.async.AsyncLoggerConfig.asyncCallAppenders(AsyncLoggerConfig.java:103)
	at org.apache.logging.log4j.core.async.AsyncLoggerConfigDisruptor$Log4jEventWrapperHandler.onEven